# JRE version: OpenJDK Runtime Environment (8.0_332-b09) (build 1.8.0_332-b09)
# Java VM: OpenJDK 64-Bit Server VM (25.332-b09 mixed mode linux-amd64 compressed oops)
Heap:
 PSYoungGen      total 309760K, used 46969K [0x00000000eab00000, 0x0000000100000000, 0x0000000100000000)
  eden space 270336K, 15% used [0x00000000eab00000,0x00000000ed349858,0x00000000fb300000)
  from space 39424K, 14% used [0x00000000fd880000,0x00000000fde14da0,0x00000000fff00000)
  to   space 38400K, 0% used [0x00000000fb300000,0x00000000fb300000,0x00000000fd880000)
 ParOldGen       total 699392K, used 207940K [0x00000000c0000000, 0x00000000eab00000, 0x00000000eab00000)
  object space 699392K, 29% used [0x00000000c0000000,0x00000000ccb111a0,0x00000000eab00000)
 Metaspace       used 161503K, capacity 176991K, committed 177192K, reserved 1204224K
  class space    used 20429K, capacity 21679K, committed 21800K, reserved 1048576K
GC Heap History (10 events):
Event: 18183.648 GC heap before
{Heap before GC invocations=299 (full 15):
 PSYoungGen      total 307712K, used 274219K [0x00000000eab00000, 0x0000000100000000, 0x0000000100000000)
  eden space 269312K, 99% used [0x00000000eab00000,0x00000000fb1fb500,0x00000000fb200000)
  from space 38400K, 12% used [0x00000000fb200000,0x00000000fb6cf998,0x00000000fd780000)
  to   space 39936K, 0% used [0x00000000fd900000,0x00000000fd900000,0x0000000100000000)
 ParOldGen       total 699392K, used 187865K [0x00000000c0000000, 0x00000000eab00000, 0x00000000eab00000)
  object space 699392K, 26% used [0x00000000c0000000,0x00000000cb7765b8,0x00000000eab00000)
 Metaspace       used 161488K, capacity 176973K, committed 177192K, reserved 1204224K
  class space    used 20428K, capacity 21676K, committed 21800K, reserved 1048576K
Event: 18183.654 GC heap after
Heap after GC invocations=299 (full 15):
 PSYoungGen      total 309248K, used 8306K [0x00000000eab00000, 0x0000000100000000, 0x0000000100000000)
  eden space 269312K, 0% used [0x00000000eab00000,0x00000000eab00000,0x00000000fb200000)
  from space 39936K, 20% used [0x00000000fd900000,0x00000000fe11c8c8,0x0000000100000000)
  to   space 39936K, 0% used [0x00000000fb200000,0x00000000fb200000,0x00000000fd900000)
 ParOldGen       total 699392K, used 190795K [0x00000000c0000000, 0x00000000eab00000, 0x00000000eab00000)
  object space 699392K, 27% used [0x00000000c0000000,0x00000000cba52e00,0x00000000eab00000)
 Metaspace       used 161488K, capacity 176973K, committed 177192K, reserved 1204224K
  class space    used 20428K, capacity 21676K, committed 21800K, reserved 1048576K
}
Event: 18184.091 GC heap before
{Heap before GC invocations=300 (full 15):
 PSYoungGen      total 309248K, used 277618K [0x00000000eab00000, 0x0000000100000000, 0x0000000100000000)
  eden space 269312K, 100% used [0x00000000eab00000,0x00000000fb200000,0x00000000fb200000)
  from space 39936K, 20% used [0x00000000fd900000,0x00000000fe11c8c8,0x0000000100000000)
  to   space 39936K, 0% used [0x00000000fb200000,0x00000000fb200000,0x00000000fd900000)
 ParOldGen       total 699392K, used 190795K [0x00000000c0000000, 0x00000000eab00000, 0x00000000eab00000)
  object space 699392K, 27% used [0x00000000c0000000,0x00000000cba52e00,0x00000000eab00000)
 Metaspace       used 161499K, capacity 176991K, committed 177192K, reserved 1204224K
  class space    used 20429K, capacity 21679K, committed 21800K, reserved 1048576K
Event: 18184.097 GC heap after
Heap after GC invocations=300 (full 15):
 PSYoungGen      total 309248K, used 6612K [0x00000000eab00000, 0x0000000100000000, 0x0000000100000000)
  eden space 269312K, 0% used [0x00000000eab00000,0x00000000eab00000,0x00000000fb200000)
  from space 39936K, 16% used [0x00000000fb200000,0x00000000fb875268,0x00000000fd900000)
  to   space 39936K, 0% used [0x00000000fd900000,0x00000000fd900000,0x0000000100000000)
 ParOldGen       total 699392K, used 198260K [0x00000000c0000000, 0x00000000eab00000, 0x00000000eab00000)
  object space 699392K, 28% used [0x00000000c0000000,0x00000000cc19d0b8,0x00000000eab00000)
 Metaspace       used 161499K, capacity 176991K, committed 177192K, reserved 1204224K
  class space    used 20429K, capacity 21679K, committed 21800K, reserved 1048576K
}
Event: 18185.189 GC heap before
{Heap before GC invocations=301 (full 15):
 PSYoungGen      total 309248K, used 275899K [0x00000000eab00000, 0x0000000100000000, 0x0000000100000000)
  eden space 269312K, 99% used [0x00000000eab00000,0x00000000fb1f9a88,0x00000000fb200000)
  from space 39936K, 16% used [0x00000000fb200000,0x00000000fb875268,0x00000000fd900000)
  to   space 39936K, 0% used [0x00000000fd900000,0x00000000fd900000,0x0000000100000000)
 ParOldGen       total 699392K, used 198260K [0x00000000c0000000, 0x00000000eab00000, 0x00000000eab00000)
  object space 699392K, 28% used [0x00000000c0000000,0x00000000cc19d0b8,0x00000000eab00000)
 Metaspace       used 161501K, capacity 176991K, committed 177192K, reserved 1204224K
  class space    used 20429K, capacity 21679K, committed 21800K, reserved 1048576K
Event: 18185.198 GC heap after
Heap after GC invocations=301 (full 15):
 PSYoungGen      total 309248K, used 5248K [0x00000000eab00000, 0x0000000100000000, 0x0000000100000000)
  eden space 269312K, 0% used [0x00000000eab00000,0x00000000eab00000,0x00000000fb200000)
  from space 39936K, 13% used [0x00000000fd900000,0x00000000fde20308,0x0000000100000000)
  to   space 39936K, 0% used [0x00000000fb200000,0x00000000fb200000,0x00000000fd900000)
 ParOldGen       total 699392K, used 200844K [0x00000000c0000000, 0x00000000eab00000, 0x00000000eab00000)
  object space 699392K, 28% used [0x00000000c0000000,0x00000000cc423358,0x00000000eab00000)
 Metaspace       used 161501K, capacity 176991K, committed 177192K, reserved 1204224K
  class space    used 20429K, capacity 21679K, committed 21800K, reserved 1048576K
}
Event: 18185.649 GC heap before
{Heap before GC invocations=302 (full 15):
 PSYoungGen      total 309248K, used 274560K [0x00000000eab00000, 0x0000000100000000, 0x0000000100000000)
  eden space 269312K, 100% used [0x00000000eab00000,0x00000000fb200000,0x00000000fb200000)
  from space 39936K, 13% used [0x00000000fd900000,0x00000000fde20308,0x0000000100000000)
  to   space 39936K, 0% used [0x00000000fb200000,0x00000000fb200000,0x00000000fd900000)
 ParOldGen       total 699392K, used 200844K [0x00000000c0000000, 0x00000000eab00000, 0x00000000eab00000)
  object space 699392K, 28% used [0x00000000c0000000,0x00000000cc423358,0x00000000eab00000)
 Metaspace       used 161502K, capacity 176991K, committed 177192K, reserved 1204224K
  class space    used 20429K, capacity 21679K, committed 21800K, reserved 1048576K
Event: 18185.660 GC heap after
Heap after GC invocations=302 (full 15):
 PSYoungGen      total 275456K, used 5801K [0x00000000eab00000, 0x00000000fff00000, 0x0000000100000000)
  eden space 269312K, 0% used [0x00000000eab00000,0x00000000eab00000,0x00000000fb200000)
  from space 6144K, 94% used [0x00000000fb200000,0x00000000fb7aa778,0x00000000fb800000)
  to   space 39424K, 0% used [0x00000000fd880000,0x00000000fd880000,0x00000000fff00000)
 ParOldGen       total 699392K, used 204939K [0x00000000c0000000, 0x00000000eab00000, 0x00000000eab00000)
  object space 699392K, 29% used [0x00000000c0000000,0x00000000cc822dd0,0x00000000eab00000)
 Metaspace       used 161502K, capacity 176991K, committed 177192K, reserved 1204224K
  class space    used 20429K, capacity 21679K, committed 21800K, reserved 1048576K
}
Event: 18186.354 GC heap before
{Heap before GC invocations=303 (full 15):
 PSYoungGen      total 275456K, used 275113K [0x00000000eab00000, 0x00000000fff00000, 0x0000000100000000)
  eden space 269312K, 100% used [0x00000000eab00000,0x00000000fb200000,0x00000000fb200000)
  from space 6144K, 94% used [0x00000000fb200000,0x00000000fb7aa778,0x00000000fb800000)
  to   space 39424K, 0% used [0x00000000fd880000,0x00000000fd880000,0x00000000fff00000)
 ParOldGen       total 699392K, used 204939K [0x00000000c0000000, 0x00000000eab00000, 0x00000000eab00000)
  object space 699392K, 29% used [0x00000000c0000000,0x00000000cc822dd0,0x00000000eab00000)
 Metaspace       used 161502K, capacity 176991K, committed 177192K, reserved 1204224K
  class space    used 20429K, capacity 21679K, committed 21800K, reserved 1048576K
Event: 18186.359 GC heap after
Heap after GC invocations=303 (full 15):
 PSYoungGen      total 309760K, used 5715K [0x00000000eab00000, 0x0000000100000000, 0x0000000100000000)
  eden space 270336K, 0% used [0x00000000eab00000,0x00000000eab00000,0x00000000fb300000)
  from space 39424K, 14% used [0x00000000fd880000,0x00000000fde14da0,0x00000000fff00000)
  to   space 38400K, 0% used [0x00000000fb300000,0x00000000fb300000,0x00000000fd880000)
 ParOldGen       total 699392K, used 207940K [0x00000000c0000000, 0x00000000eab00000, 0x00000000eab00000)
  object space 699392K, 29% used [0x00000000c0000000,0x00000000ccb111a0,0x00000000eab00000)
 Metaspace       used 161502K, capacity 176991K, committed 177192K, reserved 1204224K
  class space    used 20429K, capacity 21679K, committed 21800K, reserved 1048576K
}

