# JRE version: OpenJDK Runtime Environment (8.0_332-b09) (build 1.8.0_332-b09)
# Java VM: OpenJDK 64-Bit Server VM (25.332-b09 mixed mode linux-amd64 compressed oops)
Heap:
 PSYoungGen      total 233472K, used 131066K [0x00000000eab00000, 0x00000000fa900000, 0x0000000100000000)
  eden space 212480K, 58% used [0x00000000eab00000,0x00000000f2366b58,0x00000000f7a80000)
  from space 20992K, 37% used [0x00000000f8f80000,0x00000000f9717f40,0x00000000fa400000)
  to   space 21504K, 0% used [0x00000000f7a80000,0x00000000f7a80000,0x00000000f8f80000)
 ParOldGen       total 699392K, used 146243K [0x00000000c0000000, 0x00000000eab00000, 0x00000000eab00000)
  object space 699392K, 20% used [0x00000000c0000000,0x00000000c8ed0e08,0x00000000eab00000)
 Metaspace       used 163175K, capacity 178567K, committed 178728K, reserved 1206272K
  class space    used 20457K, capacity 21700K, committed 21800K, reserved 1048576K
GC Heap History (10 events):
Event: 61120.903 GC heap before
{Heap before GC invocations=811 (full 38):
 PSYoungGen      total 238080K, used 233058K [0x00000000eab00000, 0x00000000fad00000, 0x0000000100000000)
  eden space 218112K, 100% used [0x00000000eab00000,0x00000000f8000000,0x00000000f8000000)
  from space 19968K, 74% used [0x00000000f9980000,0x00000000fa818ae8,0x00000000fad00000)
  to   space 23040K, 0% used [0x00000000f8000000,0x00000000f8000000,0x00000000f9680000)
 ParOldGen       total 699392K, used 145580K [0x00000000c0000000, 0x00000000eab00000, 0x00000000eab00000)
  object space 699392K, 20% used [0x00000000c0000000,0x00000000c8e2b2a0,0x00000000eab00000)
 Metaspace       used 163178K, capacity 178521K, committed 178728K, reserved 1206272K
  class space    used 20459K, capacity 21703K, committed 21800K, reserved 1048576K
Event: 61120.909 GC heap after
Heap after GC invocations=811 (full 38):
 PSYoungGen      total 228864K, used 13144K [0x00000000eab00000, 0x00000000fa880000, 0x0000000100000000)
  eden space 215552K, 0% used [0x00000000eab00000,0x00000000eab00000,0x00000000f7d80000)
  from space 13312K, 98% used [0x00000000f8000000,0x00000000f8cd62c0,0x00000000f8d00000)
  to   space 22016K, 0% used [0x00000000f9300000,0x00000000f9300000,0x00000000fa880000)
 ParOldGen       total 699392K, used 145580K [0x00000000c0000000, 0x00000000eab00000, 0x00000000eab00000)
  object space 699392K, 20% used [0x00000000c0000000,0x00000000c8e2b2a0,0x00000000eab00000)
 Metaspace       used 163178K, capacity 178521K, committed 178728K, reserved 1206272K
  class space    used 20459K, capacity 21703K, committed 21800K, reserved 1048576K
}
Event: 61125.010 GC heap before
{Heap before GC invocations=812 (full 38):
 PSYoungGen      total 228864K, used 228696K [0x00000000eab00000, 0x00000000fa880000, 0x0000000100000000)
  eden space 215552K, 100% used [0x00000000eab00000,0x00000000f7d80000,0x00000000f7d80000)
  from space 13312K, 98% used [0x00000000f8000000,0x00000000f8cd62c0,0x00000000f8d00000)
  to   space 22016K, 0% used [0x00000000f9300000,0x00000000f9300000,0x00000000fa880000)
 ParOldGen       total 699392K, used 145580K [0x00000000c0000000, 0x00000000eab00000, 0x00000000eab00000)
  object space 699392K, 20% used [0x00000000c0000000,0x00000000c8e2b2a0,0x00000000eab00000)
 Metaspace       used 163186K, capacity 178585K, committed 178728K, reserved 1206272K
  class space    used 20459K, capacity 21703K, committed 21800K, reserved 1048576K
Event: 61125.019 GC heap after
Heap after GC invocations=812 (full 38):
 PSYoungGen      total 231424K, used 14921K [0x00000000eab00000, 0x00000000fa500000, 0x0000000100000000)
  eden space 212992K, 0% used [0x00000000eab00000,0x00000000eab00000,0x00000000f7b00000)
  from space 18432K, 80% used [0x00000000f9300000,0x00000000fa192518,0x00000000fa500000)
  to   space 21504K, 0% used [0x00000000f7b00000,0x00000000f7b00000,0x00000000f9000000)
 ParOldGen       total 699392K, used 145588K [0x00000000c0000000, 0x00000000eab00000, 0x00000000eab00000)
  object space 699392K, 20% used [0x00000000c0000000,0x00000000c8e2d2a0,0x00000000eab00000)
 Metaspace       used 163186K, capacity 178585K, committed 178728K, reserved 1206272K
  class space    used 20459K, capacity 21703K, committed 21800K, reserved 1048576K
}
Event: 61204.699 GC heap before
{Heap before GC invocations=813 (full 38):
 PSYoungGen      total 231424K, used 204415K [0x00000000eab00000, 0x00000000fa500000, 0x0000000100000000)
  eden space 212992K, 88% used [0x00000000eab00000,0x00000000f640d9c0,0x00000000f7b00000)
  from space 18432K, 80% used [0x00000000f9300000,0x00000000fa192518,0x00000000fa500000)
  to   space 21504K, 0% used [0x00000000f7b00000,0x00000000f7b00000,0x00000000f9000000)
 ParOldGen       total 699392K, used 145588K [0x00000000c0000000, 0x00000000eab00000, 0x00000000eab00000)
  object space 699392K, 20% used [0x00000000c0000000,0x00000000c8e2d2a0,0x00000000eab00000)
 Metaspace       used 163186K, capacity 178585K, committed 178728K, reserved 1206272K
  class space    used 20459K, capacity 21703K, committed 21800K, reserved 1048576K
Event: 61204.705 GC heap after
Heap after GC invocations=813 (full 38):
 PSYoungGen      total 225792K, used 12474K [0x00000000eab00000, 0x00000000fa400000, 0x0000000100000000)
  eden space 212992K, 0% used [0x00000000eab00000,0x00000000eab00000,0x00000000f7b00000)
  from space 12800K, 97% used [0x00000000f7b00000,0x00000000f872eb28,0x00000000f8780000)
  to   space 20992K, 0% used [0x00000000f8f80000,0x00000000f8f80000,0x00000000fa400000)
 ParOldGen       total 699392K, used 145588K [0x00000000c0000000, 0x00000000eab00000, 0x00000000eab00000)
  object space 699392K, 20% used [0x00000000c0000000,0x00000000c8e2d2a0,0x00000000eab00000)
 Metaspace       used 163186K, capacity 178585K, committed 178728K, reserved 1206272K
  class space    used 20459K, capacity 21703K, committed 21800K, reserved 1048576K
}
Event: 61204.705 GC heap before
{Heap before GC invocations=814 (full 39):
 PSYoungGen      total 225792K, used 12474K [0x00000000eab00000, 0x00000000fa400000, 0x0000000100000000)
  eden space 212992K, 0% used [0x00000000eab00000,0x00000000eab00000,0x00000000f7b00000)
  from space 12800K, 97% used [0x00000000f7b00000,0x00000000f872eb28,0x00000000f8780000)
  to   space 20992K, 0% used [0x00000000f8f80000,0x00000000f8f80000,0x00000000fa400000)
 ParOldGen       total 699392K, used 145588K [0x00000000c0000000, 0x00000000eab00000, 0x00000000eab00000)
  object space 699392K, 20% used [0x00000000c0000000,0x00000000c8e2d2a0,0x00000000eab00000)
 Metaspace       used 163186K, capacity 178585K, committed 178728K, reserved 1206272K
  class space    used 20459K, capacity 21703K, committed 21800K, reserved 1048576K
Event: 61204.914 GC heap after
Heap after GC invocations=814 (full 39):
 PSYoungGen      total 225792K, used 0K [0x00000000eab00000, 0x00000000fa400000, 0x0000000100000000)
  eden space 212992K, 0% used [0x00000000eab00000,0x00000000eab00000,0x00000000f7b00000)
  from space 12800K, 0% used [0x00000000f7b00000,0x00000000f7b00000,0x00000000f8780000)
  to   space 20992K, 0% used [0x00000000f8f80000,0x00000000f8f80000,0x00000000fa400000)
 ParOldGen       total 699392K, used 146243K [0x00000000c0000000, 0x00000000eab00000, 0x00000000eab00000)
  object space 699392K, 20% used [0x00000000c0000000,0x00000000c8ed0e08,0x00000000eab00000)
 Metaspace       used 163175K, capacity 178567K, committed 178728K, reserved 1206272K
  class space    used 20457K, capacity 21700K, committed 21800K, reserved 1048576K
}
Event: 61304.429 GC heap before
{Heap before GC invocations=815 (full 39):
 PSYoungGen      total 225792K, used 212992K [0x00000000eab00000, 0x00000000fa400000, 0x0000000100000000)
  eden space 212992K, 100% used [0x00000000eab00000,0x00000000f7b00000,0x00000000f7b00000)
  from space 12800K, 0% used [0x00000000f7b00000,0x00000000f7b00000,0x00000000f8780000)
  to   space 20992K, 0% used [0x00000000f8f80000,0x00000000f8f80000,0x00000000fa400000)
 ParOldGen       total 699392K, used 146243K [0x00000000c0000000, 0x00000000eab00000, 0x00000000eab00000)
  object space 699392K, 20% used [0x00000000c0000000,0x00000000c8ed0e08,0x00000000eab00000)
 Metaspace       used 163175K, capacity 178567K, committed 178728K, reserved 1206272K
  class space    used 20457K, capacity 21700K, committed 21800K, reserved 1048576K
Event: 61304.435 GC heap after
Heap after GC invocations=815 (full 39):
 PSYoungGen      total 233472K, used 7775K [0x00000000eab00000, 0x00000000fa900000, 0x0000000100000000)
  eden space 212480K, 0% used [0x00000000eab00000,0x00000000eab00000,0x00000000f7a80000)
  from space 20992K, 37% used [0x00000000f8f80000,0x00000000f9717f40,0x00000000fa400000)
  to   space 21504K, 0% used [0x00000000f7a80000,0x00000000f7a80000,0x00000000f8f80000)
 ParOldGen       total 699392K, used 146243K [0x00000000c0000000, 0x00000000eab00000, 0x00000000eab00000)
  object space 699392K, 20% used [0x00000000c0000000,0x00000000c8ed0e08,0x00000000eab00000)
 Metaspace       used 163175K, capacity 178567K, committed 178728K, reserved 1206272K
  class space    used 20457K, capacity 21700K, committed 21800K, reserved 1048576K
}

